# JRE version: Java(TM) SE Runtime Environment (8.0_181-b13) (build 1.8.0_181-b13)
# Java VM: Java HotSpot(TM) 64-Bit Server VM (25.181-b13 mixed mode windows-amd64 compressed oops)
Heap:
 PSYoungGen      total 156160K, used 5065K [0x00000000d5f80000, 0x00000000e0580000, 0x0000000100000000)
  eden space 142336K, 3% used [0x00000000d5f80000,0x00000000d6472450,0x00000000dea80000)
  from space 13824K, 0% used [0x00000000dea80000,0x00000000dea80000,0x00000000df800000)
  to   space 13312K, 0% used [0x00000000df800000,0x00000000df800000,0x00000000e0500000)
 ParOldGen       total 49152K, used 21324K [0x0000000081e00000, 0x0000000084e00000, 0x00000000d5f80000)
  object space 49152K, 43% used [0x0000000081e00000,0x00000000832d3380,0x0000000084e00000)
 Metaspace       used 37767K, capacity 39488K, committed 39680K, reserved 1089536K
  class space    used 5268K, capacity 5598K, committed 5632K, reserved 1048576K
GC Heap History (10 events):
Event: 9.827 GC heap before
{Heap before GC invocations=10 (full 1):
 PSYoungGen      total 110592K, used 109496K [0x00000000d5f80000, 0x00000000dd680000, 0x0000000100000000)
  eden space 101376K, 100% used [0x00000000d5f80000,0x00000000dc280000,0x00000000dc280000)
  from space 9216K, 88% used [0x00000000dcc00000,0x00000000dd3ee028,0x00000000dd500000)
  to   space 9728K, 0% used [0x00000000dc280000,0x00000000dc280000,0x00000000dcc00000)
 ParOldGen       total 49152K, used 5459K [0x0000000081e00000, 0x0000000084e00000, 0x00000000d5f80000)
  object space 49152K, 11% used [0x0000000081e00000,0x0000000082354eb8,0x0000000084e00000)
 Metaspace       used 29518K, capacity 31164K, committed 31360K, reserved 1077248K
  class space    used 4095K, capacity 4422K, committed 4480K, reserved 1048576K
Event: 9.864 GC heap after
Heap after GC invocations=10 (full 1):
 PSYoungGen      total 111104K, used 9717K [0x00000000d5f80000, 0x00000000e0500000, 0x0000000100000000)
  eden space 101376K, 0% used [0x00000000d5f80000,0x00000000d5f80000,0x00000000dc280000)
  from space 9728K, 99% used [0x00000000dc280000,0x00000000dcbfd6f8,0x00000000dcc00000)
  to   space 13312K, 0% used [0x00000000df800000,0x00000000df800000,0x00000000e0500000)
 ParOldGen       total 49152K, used 10229K [0x0000000081e00000, 0x0000000084e00000, 0x00000000d5f80000)
  object space 49152K, 20% used [0x0000000081e00000,0x00000000827fd738,0x0000000084e00000)
 Metaspace       used 29518K, capacity 31164K, committed 31360K, reserved 1077248K
  class space    used 4095K, capacity 4422K, committed 4480K, reserved 1048576K
}
Event: 11.089 GC heap before
{Heap before GC invocations=11 (full 1):
 PSYoungGen      total 111104K, used 69866K [0x00000000d5f80000, 0x00000000e0500000, 0x0000000100000000)
  eden space 101376K, 59% used [0x00000000d5f80000,0x00000000d9a3d238,0x00000000dc280000)
  from space 9728K, 99% used [0x00000000dc280000,0x00000000dcbfd6f8,0x00000000dcc00000)
  to   space 13312K, 0% used [0x00000000df800000,0x00000000df800000,0x00000000e0500000)
 ParOldGen       total 49152K, used 10229K [0x0000000081e00000, 0x0000000084e00000, 0x00000000d5f80000)
  object space 49152K, 20% used [0x0000000081e00000,0x00000000827fd738,0x0000000084e00000)
 Metaspace       used 33686K, capacity 35374K, committed 35416K, reserved 1079296K
  class space    used 4498K, capacity 4847K, committed 4864K, reserved 1048576K
Event: 11.117 GC heap after
Heap after GC invocations=11 (full 1):
 PSYoungGen      total 155648K, used 10189K [0x00000000d5f80000, 0x00000000e0580000, 0x0000000100000000)
  eden space 142336K, 0% used [0x00000000d5f80000,0x00000000d5f80000,0x00000000dea80000)
  from space 13312K, 76% used [0x00000000df800000,0x00000000e01f34a8,0x00000000e0500000)
  to   space 13824K, 0% used [0x00000000dea80000,0x00000000dea80000,0x00000000df800000)
 ParOldGen       total 49152K, used 13703K [0x0000000081e00000, 0x0000000084e00000, 0x00000000d5f80000)
  object space 49152K, 27% used [0x0000000081e00000,0x0000000082b61d30,0x0000000084e00000)
 Metaspace       used 33686K, capacity 35374K, committed 35416K, reserved 1079296K
  class space    used 4498K, capacity 4847K, committed 4864K, reserved 1048576K
}
Event: 11.117 GC heap before
{Heap before GC invocations=12 (full 2):
 PSYoungGen      total 155648K, used 10189K [0x00000000d5f80000, 0x00000000e0580000, 0x0000000100000000)
  eden space 142336K, 0% used [0x00000000d5f80000,0x00000000d5f80000,0x00000000dea80000)
  from space 13312K, 76% used [0x00000000df800000,0x00000000e01f34a8,0x00000000e0500000)
  to   space 13824K, 0% used [0x00000000dea80000,0x00000000dea80000,0x00000000df800000)
 ParOldGen       total 49152K, used 13703K [0x0000000081e00000, 0x0000000084e00000, 0x00000000d5f80000)
  object space 49152K, 27% used [0x0000000081e00000,0x0000000082b61d30,0x0000000084e00000)
 Metaspace       used 33686K, capacity 35374K, committed 35416K, reserved 1079296K
  class space    used 4498K, capacity 4847K, committed 4864K, reserved 1048576K
Event: 11.315 GC heap after
Heap after GC invocations=12 (full 2):
 PSYoungGen      total 155648K, used 0K [0x00000000d5f80000, 0x00000000e0580000, 0x0000000100000000)
  eden space 142336K, 0% used [0x00000000d5f80000,0x00000000d5f80000,0x00000000dea80000)
  from space 13312K, 0% used [0x00000000df800000,0x00000000df800000,0x00000000e0500000)
  to   space 13824K, 0% used [0x00000000dea80000,0x00000000dea80000,0x00000000df800000)
 ParOldGen       total 49152K, used 20241K [0x0000000081e00000, 0x0000000084e00000, 0x00000000d5f80000)
  object space 49152K, 41% used [0x0000000081e00000,0x00000000831c4438,0x0000000084e00000)
 Metaspace       used 33686K, capacity 35374K, committed 35416K, reserved 1079296K
  class space    used 4498K, capacity 4847K, committed 4864K, reserved 1048576K
}
Event: 12.162 GC heap before
{Heap before GC invocations=13 (full 2):
 PSYoungGen      total 155648K, used 37981K [0x00000000d5f80000, 0x00000000e0580000, 0x0000000100000000)
  eden space 142336K, 26% used [0x00000000d5f80000,0x00000000d84977f0,0x00000000dea80000)
  from space 13312K, 0% used [0x00000000df800000,0x00000000df800000,0x00000000e0500000)
  to   space 13824K, 0% used [0x00000000dea80000,0x00000000dea80000,0x00000000df800000)
 ParOldGen       total 49152K, used 20241K [0x0000000081e00000, 0x0000000084e00000, 0x00000000d5f80000)
  object space 49152K, 41% used [0x0000000081e00000,0x00000000831c4438,0x0000000084e00000)
 Metaspace       used 37220K, capacity 38944K, committed 39168K, reserved 1089536K
  class space    used 5213K, capacity 5566K, committed 5632K, reserved 1048576K
Event: 12.169 GC heap after
Heap after GC invocations=13 (full 2):
 PSYoungGen      total 156160K, used 3936K [0x00000000d5f80000, 0x00000000e0580000, 0x0000000100000000)
  eden space 142336K, 0% used [0x00000000d5f80000,0x00000000d5f80000,0x00000000dea80000)
  from space 13824K, 28% used [0x00000000dea80000,0x00000000dee58398,0x00000000df800000)
  to   space 13312K, 0% used [0x00000000df800000,0x00000000df800000,0x00000000e0500000)
 ParOldGen       total 49152K, used 20241K [0x0000000081e00000, 0x0000000084e00000, 0x00000000d5f80000)
  object space 49152K, 41% used [0x0000000081e00000,0x00000000831c4438,0x0000000084e00000)
 Metaspace       used 37220K, capacity 38944K, committed 39168K, reserved 1089536K
  class space    used 5213K, capacity 5566K, committed 5632K, reserved 1048576K
}
Event: 12.169 GC heap before
{Heap before GC invocations=14 (full 3):
 PSYoungGen      total 156160K, used 3936K [0x00000000d5f80000, 0x00000000e0580000, 0x0000000100000000)
  eden space 142336K, 0% used [0x00000000d5f80000,0x00000000d5f80000,0x00000000dea80000)
  from space 13824K, 28% used [0x00000000dea80000,0x00000000dee58398,0x00000000df800000)
  to   space 13312K, 0% used [0x00000000df800000,0x00000000df800000,0x00000000e0500000)
 ParOldGen       total 49152K, used 20241K [0x0000000081e00000, 0x0000000084e00000, 0x00000000d5f80000)
  object space 49152K, 41% used [0x0000000081e00000,0x00000000831c4438,0x0000000084e00000)
 Metaspace       used 37220K, capacity 38944K, committed 39168K, reserved 1089536K
  class space    used 5213K, capacity 5566K, committed 5632K, reserved 1048576K
Event: 12.315 GC heap after
Heap after GC invocations=14 (full 3):
 PSYoungGen      total 156160K, used 0K [0x00000000d5f80000, 0x00000000e0580000, 0x0000000100000000)
  eden space 142336K, 0% used [0x00000000d5f80000,0x00000000d5f80000,0x00000000dea80000)
  from space 13824K, 0% used [0x00000000dea80000,0x00000000dea80000,0x00000000df800000)
  to   space 13312K, 0% used [0x00000000df800000,0x00000000df800000,0x00000000e0500000)
 ParOldGen       total 49152K, used 21324K [0x0000000081e00000, 0x0000000084e00000, 0x00000000d5f80000)
  object space 49152K, 43% used [0x0000000081e00000,0x00000000832d3380,0x0000000084e00000)
 Metaspace       used 37220K, capacity 38944K, committed 39168K, reserved 1087488K
  class space    used 5213K, capacity 5566K, committed 5632K, reserved 1048576K
}

